<?xml version="1.0" encoding="UTF-8"?>
<!-- Generated by org.testng.reporters.JUnitReportReporter -->
<testsuite skipped="0" hostname="Rajendra-Lenovo" name="pages.LoginPage" tests="1" failures="0" timestamp="2019-01-30T18:48:59 EST" time="17.048" errors="0">
  <testcase name="doLogin" time="17.048" classname="pages.LoginPage"/>
</testsuite> <!-- pages.LoginPage -->
